
> prism-ds-storybook@1.0.0 build-storybook
> storybook build --output-dir=/private/var/folders/2d/29mqvt8s5vg32fp4_c61qz9c0000gn/T/chromatic--11814-baGU1zymqogx

[1m@storybook/core v8.6.18
[22m
info => Cleaning outputDir: [36m../../../../../../private/var/folders/2d/29mqvt8s5vg32fp4_c61qz9c0000gn/T/chromatic--11814-baGU1zymqogx[39m
info => Loading presets
info => Building manager..
info => Manager built ([38;2;181;126;229m143 ms[39m)
info => Building preview..
info Using tsconfig paths for react-docgen
[36mvite v5.4.21 [32mbuilding for production...[36m[39m
transforming...
[32m✓[39m 129 modules transformed.
rendering chunks...
computing gzip size...
[2m../../../../../../private/var/folders/2d/29mqvt8s5vg32fp4_c61qz9c0000gn/T/chromatic--11814-baGU1zymqogx/[22m[32miframe.html                               [39m[1m[2m 17.55 kB[22m[1m[22m[2m │ gzip:   4.98 kB[22m
[2m../../../../../../private/var/folders/2d/29mqvt8s5vg32fp4_c61qz9c0000gn/T/chromatic--11814-baGU1zymqogx/[22m[2massets/[22m[35mBadge-qz3fBLnD.css                 [39m[1m[2m  1.34 kB[22m[1m[22m[2m │ gzip:   0.38 kB[22m
[2m../../../../../../private/var/folders/2d/29mqvt8s5vg32fp4_c61qz9c0000gn/T/chromatic--11814-baGU1zymqogx/[22m[2massets/[22m[35mCard-BWHUAluB.css                  [39m[1m[2m  1.56 kB[22m[1m[22m[2m │ gzip:   0.52 kB[22m
[2m../../../../../../private/var/folders/2d/29mqvt8s5vg32fp4_c61qz9c0000gn/T/chromatic--11814-baGU1zymqogx/[22m[2massets/[22m[35mAvatar-BcKe3tmh.css                [39m[1m[2m  2.01 kB[22m[1m[22m[2m │ gzip:   0.57 kB[22m
[2m../../../../../../private/var/folders/2d/29mqvt8s5vg32fp4_c61qz9c0000gn/T/chromatic--11814-baGU1zymqogx/[22m[2massets/[22m[35mButton-CqtvZ1ZX.css                [39m[1m[2m  2.04 kB[22m[1m[22m[2m │ gzip:   0.60 kB[22m
[2m../../../../../../private/var/folders/2d/29mqvt8s5vg32fp4_c61qz9c0000gn/T/chromatic--11814-baGU1zymqogx/[22m[2massets/[22m[35mInput-Cf3ODcT2.css                 [39m[1m[2m  2.18 kB[22m[1m[22m[2m │ gzip:   0.65 kB[22m
[2m../../../../../../private/var/folders/2d/29mqvt8s5vg32fp4_c61qz9c0000gn/T/chromatic--11814-baGU1zymqogx/[22m[2massets/[22m[35mpreview-BFxypoeZ.css               [39m[1m[2m  7.68 kB[22m[1m[22m[2m │ gzip:   1.79 kB[22m
[2m../../../../../../private/var/folders/2d/29mqvt8s5vg32fp4_c61qz9c0000gn/T/chromatic--11814-baGU1zymqogx/[22m[2massets/[22m[36mclient-DEiYFeTY.js                 [39m[1m[2m  0.09 kB[22m[1m[22m[2m │ gzip:   0.10 kB[22m
[2m../../../../../../private/var/folders/2d/29mqvt8s5vg32fp4_c61qz9c0000gn/T/chromatic--11814-baGU1zymqogx/[22m[2massets/[22m[36mpreview-CvbIS5ZJ.js                [39m[1m[2m  0.18 kB[22m[1m[22m[2m │ gzip:   0.16 kB[22m
[2m../../../../../../private/var/folders/2d/29mqvt8s5vg32fp4_c61qz9c0000gn/T/chromatic--11814-baGU1zymqogx/[22m[2massets/[22m[36m_commonjsHelpers-Cpj98o6Y.js       [39m[1m[2m  0.24 kB[22m[1m[22m[2m │ gzip:   0.18 kB[22m
[2m../../../../../../private/var/folders/2d/29mqvt8s5vg32fp4_c61qz9c0000gn/T/chromatic--11814-baGU1zymqogx/[22m[2massets/[22m[36mindex-BEP1GsES.js                  [39m[1m[2m  0.46 kB[22m[1m[22m[2m │ gzip:   0.30 kB[22m
[2m../../../../../../private/var/folders/2d/29mqvt8s5vg32fp4_c61qz9c0000gn/T/chromatic--11814-baGU1zymqogx/[22m[2massets/[22m[36mchunk-XP5HYGXS-BHXC9YeQ.js         [39m[1m[2m  0.71 kB[22m[1m[22m[2m │ gzip:   0.40 kB[22m
[2m../../../../../../private/var/folders/2d/29mqvt8s5vg32fp4_c61qz9c0000gn/T/chromatic--11814-baGU1zymqogx/[22m[2massets/[22m[36mpreview-DGUiP6tS.js                [39m[1m[2m  0.71 kB[22m[1m[22m[2m │ gzip:   0.50 kB[22m
[2m../../../../../../private/var/folders/2d/29mqvt8s5vg32fp4_c61qz9c0000gn/T/chromatic--11814-baGU1zymqogx/[22m[2massets/[22m[36mindex-DrFu-skq.js                  [39m[1m[2m  0.77 kB[22m[1m[22m[2m │ gzip:   0.47 kB[22m
[2m../../../../../../private/var/folders/2d/29mqvt8s5vg32fp4_c61qz9c0000gn/T/chromatic--11814-baGU1zymqogx/[22m[2massets/[22m[36mreact-18-CT-C8KRZ.js               [39m[1m[2m  0.83 kB[22m[1m[22m[2m │ gzip:   0.49 kB[22m
[2m../../../../../../private/var/folders/2d/29mqvt8s5vg32fp4_c61qz9c0000gn/T/chromatic--11814-baGU1zymqogx/[22m[2massets/[22m[36mjsx-runtime-Z5uAzocK.js            [39m[1m[2m  0.92 kB[22m[1m[22m[2m │ gzip:   0.58 kB[22m
[2m../../../../../../private/var/folders/2d/29mqvt8s5vg32fp4_c61qz9c0000gn/T/chromatic--11814-baGU1zymqogx/[22m[2massets/[22m[36mpreview-DXjEf4nW.js                [39m[1m[2m  0.92 kB[22m[1m[22m[2m │ gzip:   0.59 kB[22m
[2m../../../../../../private/var/folders/2d/29mqvt8s5vg32fp4_c61qz9c0000gn/T/chromatic--11814-baGU1zymqogx/[22m[2massets/[22m[36mBadge-DcerbeCN.js                  [39m[1m[2m  1.02 kB[22m[1m[22m[2m │ gzip:   0.47 kB[22m
[2m../../../../../../private/var/folders/2d/29mqvt8s5vg32fp4_c61qz9c0000gn/T/chromatic--11814-baGU1zymqogx/[22m[2massets/[22m[36mpreview-BhKHHtmo.js                [39m[1m[2m  1.14 kB[22m[1m[22m[2m │ gzip:   0.62 kB[22m
[2m../../../../../../private/var/folders/2d/29mqvt8s5vg32fp4_c61qz9c0000gn/T/chromatic--11814-baGU1zymqogx/[22m[2massets/[22m[36mButton-BfMGvMt5.js                 [39m[1m[2m  1.55 kB[22m[1m[22m[2m │ gzip:   0.60 kB[22m
[2m../../../../../../private/var/folders/2d/29mqvt8s5vg32fp4_c61qz9c0000gn/T/chromatic--11814-baGU1zymqogx/[22m[2massets/[22m[36mpreview-DyzG43Oj.js                [39m[1m[2m  2.22 kB[22m[1m[22m[2m │ gzip:   1.21 kB[22m
[2m../../../../../../private/var/folders/2d/29mqvt8s5vg32fp4_c61qz9c0000gn/T/chromatic--11814-baGU1zymqogx/[22m[2massets/[22m[36mpreview-DD_OYowb.js                [39m[1m[2m  3.51 kB[22m[1m[22m[2m │ gzip:   1.69 kB[22m
[2m../../../../../../private/var/folders/2d/29mqvt8s5vg32fp4_c61qz9c0000gn/T/chromatic--11814-baGU1zymqogx/[22m[2massets/[22m[36mBadge.stories-BodTiWVx.js          [39m[1m[2m  4.85 kB[22m[1m[22m[2m │ gzip:   1.61 kB[22m
[2m../../../../../../private/var/folders/2d/29mqvt8s5vg32fp4_c61qz9c0000gn/T/chromatic--11814-baGU1zymqogx/[22m[2massets/[22m[36mpreview-B8lJiyuQ.js                [39m[1m[2m  5.06 kB[22m[1m[22m[2m │ gzip:   1.88 kB[22m
[2m../../../../../../private/var/folders/2d/29mqvt8s5vg32fp4_c61qz9c0000gn/T/chromatic--11814-baGU1zymqogx/[22m[2massets/[22m[36mShadows.stories-Dvnkj-md.js        [39m[1m[2m  6.04 kB[22m[1m[22m[2m │ gzip:   1.72 kB[22m
[2m../../../../../../private/var/folders/2d/29mqvt8s5vg32fp4_c61qz9c0000gn/T/chromatic--11814-baGU1zymqogx/[22m[2massets/[22m[36mSpacing.stories-Ch0QoIPa.js        [39m[1m[2m  6.30 kB[22m[1m[22m[2m │ gzip:   1.72 kB[22m
[2m../../../../../../private/var/folders/2d/29mqvt8s5vg32fp4_c61qz9c0000gn/T/chromatic--11814-baGU1zymqogx/[22m[2massets/[22m[36mColors.stories-BA9Ubk05.js         [39m[1m[2m  6.42 kB[22m[1m[22m[2m │ gzip:   1.84 kB[22m
[2m../../../../../../private/var/folders/2d/29mqvt8s5vg32fp4_c61qz9c0000gn/T/chromatic--11814-baGU1zymqogx/[22m[2massets/[22m[36mindex-pP6CS22B.js                  [39m[1m[2m  7.18 kB[22m[1m[22m[2m │ gzip:   2.92 kB[22m
[2m../../../../../../private/var/folders/2d/29mqvt8s5vg32fp4_c61qz9c0000gn/T/chromatic--11814-baGU1zymqogx/[22m[2massets/[22m[36mButton.stories-DFt5ahg_.js         [39m[1m[2m  7.46 kB[22m[1m[22m[2m │ gzip:   1.78 kB[22m
[2m../../../../../../private/var/folders/2d/29mqvt8s5vg32fp4_c61qz9c0000gn/T/chromatic--11814-baGU1zymqogx/[22m[2massets/[22m[36mpreview-BWzBA1C2.js                [39m[1m[2m  7.62 kB[22m[1m[22m[2m │ gzip:   1.56 kB[22m
[2m../../../../../../private/var/folders/2d/29mqvt8s5vg32fp4_c61qz9c0000gn/T/chromatic--11814-baGU1zymqogx/[22m[2massets/[22m[36mAvatar.stories-BqW8wImr.js         [39m[1m[2m  7.92 kB[22m[1m[22m[2m │ gzip:   2.21 kB[22m
[2m../../../../../../private/var/folders/2d/29mqvt8s5vg32fp4_c61qz9c0000gn/T/chromatic--11814-baGU1zymqogx/[22m[2massets/[22m[36mpreview-BBWR9nbA.js                [39m[1m[2m  8.12 kB[22m[1m[22m[2m │ gzip:   3.10 kB[22m
[2m../../../../../../private/var/folders/2d/29mqvt8s5vg32fp4_c61qz9c0000gn/T/chromatic--11814-baGU1zymqogx/[22m[2massets/[22m[36mInput.stories-C03XT7Yx.js          [39m[1m[2m  8.50 kB[22m[1m[22m[2m │ gzip:   2.40 kB[22m
[2m../../../../../../private/var/folders/2d/29mqvt8s5vg32fp4_c61qz9c0000gn/T/chromatic--11814-baGU1zymqogx/[22m[2massets/[22m[36mCard.stories-CPipZgIC.js           [39m[1m[2m  9.25 kB[22m[1m[22m[2m │ gzip:   2.52 kB[22m
[2m../../../../../../private/var/folders/2d/29mqvt8s5vg32fp4_c61qz9c0000gn/T/chromatic--11814-baGU1zymqogx/[22m[2massets/[22m[36mTypography.stories-DzN_lY1W.js     [39m[1m[2m 10.13 kB[22m[1m[22m[2m │ gzip:   2.24 kB[22m
[2m../../../../../../private/var/folders/2d/29mqvt8s5vg32fp4_c61qz9c0000gn/T/chromatic--11814-baGU1zymqogx/[22m[2massets/[22m[36mtest-utils-C4rIXcST.js             [39m[1m[2m 12.99 kB[22m[1m[22m[2m │ gzip:   5.05 kB[22m
[2m../../../../../../private/var/folders/2d/29mqvt8s5vg32fp4_c61qz9c0000gn/T/chromatic--11814-baGU1zymqogx/[22m[2massets/[22m[36mColor-YHDXOIA2-hpCvNr5B.js         [39m[1m[2m 29.37 kB[22m[1m[22m[2m │ gzip:  11.07 kB[22m
[2m../../../../../../private/var/folders/2d/29mqvt8s5vg32fp4_c61qz9c0000gn/T/chromatic--11814-baGU1zymqogx/[22m[2massets/[22m[36mmatchers-7Z3WT2CE-OIiPHzXs.js      [39m[1m[2m 29.79 kB[22m[1m[22m[2m │ gzip:  10.29 kB[22m
[2m../../../../../../private/var/folders/2d/29mqvt8s5vg32fp4_c61qz9c0000gn/T/chromatic--11814-baGU1zymqogx/[22m[2massets/[22m[36mentry-preview-BXcWcpTV.js          [39m[1m[2m 29.85 kB[22m[1m[22m[2m │ gzip:   9.56 kB[22m
[2m../../../../../../private/var/folders/2d/29mqvt8s5vg32fp4_c61qz9c0000gn/T/chromatic--11814-baGU1zymqogx/[22m[2massets/[22m[36mindex-Bhelpi4i.js                  [39m[1m[2m 57.15 kB[22m[1m[22m[2m │ gzip:  16.30 kB[22m
[2m../../../../../../private/var/folders/2d/29mqvt8s5vg32fp4_c61qz9c0000gn/T/chromatic--11814-baGU1zymqogx/[22m[2massets/[22m[36mindex-Bvak3XBe.js                  [39m[1m[2m134.00 kB[22m[1m[22m[2m │ gzip:  43.17 kB[22m
[2m../../../../../../private/var/folders/2d/29mqvt8s5vg32fp4_c61qz9c0000gn/T/chromatic--11814-baGU1zymqogx/[22m[2massets/[22m[36miframe-CvQYQqtM.js                 [39m[1m[2m209.59 kB[22m[1m[22m[2m │ gzip:  72.14 kB[22m
[2m../../../../../../private/var/folders/2d/29mqvt8s5vg32fp4_c61qz9c0000gn/T/chromatic--11814-baGU1zymqogx/[22m[2massets/[22m[36mentry-preview-docs-DSn79GSO.js     [39m[1m[2m244.71 kB[22m[1m[22m[2m │ gzip:  73.44 kB[22m
[2m../../../../../../private/var/folders/2d/29mqvt8s5vg32fp4_c61qz9c0000gn/T/chromatic--11814-baGU1zymqogx/[22m[2massets/[22m[36maxe-B5FoFb6Z.js                    [39m[1m[33m583.86 kB[39m[22m[2m │ gzip: 160.85 kB[22m
[2m../../../../../../private/var/folders/2d/29mqvt8s5vg32fp4_c61qz9c0000gn/T/chromatic--11814-baGU1zymqogx/[22m[2massets/[22m[36mpreview-D-Qz4Vhp.js                [39m[1m[33m660.64 kB[39m[22m[2m │ gzip: 156.58 kB[22m
[2m../../../../../../private/var/folders/2d/29mqvt8s5vg32fp4_c61qz9c0000gn/T/chromatic--11814-baGU1zymqogx/[22m[2massets/[22m[36mindex-DgAF9SIF.js                  [39m[1m[33m662.40 kB[39m[22m[2m │ gzip: 157.06 kB[22m
[2m../../../../../../private/var/folders/2d/29mqvt8s5vg32fp4_c61qz9c0000gn/T/chromatic--11814-baGU1zymqogx/[22m[2massets/[22m[36mDocsRenderer-CFRXHY34-CVtGUra3.js  [39m[1m[33m884.04 kB[39m[22m[2m │ gzip: 275.84 kB[22m
[32m✓ built in 6.80s[39m
info => Preview built ([38;2;181;126;229m8.37 s[39m)
info => Output directory: /private/var/folders/2d/29mqvt8s5vg32fp4_c61qz9c0000gn/T/chromatic--11814-baGU1zymqogx
